ARM GAS  /tmp/ccgS9ZGd.s 			page 1


   1              		.cpu cortex-m3
   2              		.arch armv7-m
   3              		.fpu softvfp
   4              		.eabi_attribute 20, 1
   5              		.eabi_attribute 21, 1
   6              		.eabi_attribute 23, 3
   7              		.eabi_attribute 24, 1
   8              		.eabi_attribute 25, 1
   9              		.eabi_attribute 26, 1
  10              		.eabi_attribute 30, 1
  11              		.eabi_attribute 34, 1
  12              		.eabi_attribute 18, 4
  13              		.file	"gpio.c"
  14              		.text
  15              	.Ltext0:
  16              		.cfi_sections	.debug_frame
  17              		.file 1 "Src/gpio.c"
  18              		.section	.text.MX_GPIO_Init,"ax",%progbits
  19              		.align	1
  20              		.global	MX_GPIO_Init
  21              		.syntax unified
  22              		.thumb
  23              		.thumb_func
  25              	MX_GPIO_Init:
  26              	.LFB65:
   1:Src/gpio.c    **** /* USER CODE BEGIN Header */
   2:Src/gpio.c    **** /**
   3:Src/gpio.c    ****   ******************************************************************************
   4:Src/gpio.c    ****   * @file    gpio.c
   5:Src/gpio.c    ****   * @brief   This file provides code for the configuration
   6:Src/gpio.c    ****   *          of all used GPIO pins.
   7:Src/gpio.c    ****   ******************************************************************************
   8:Src/gpio.c    ****   * @attention
   9:Src/gpio.c    ****   *
  10:Src/gpio.c    ****   * Copyright (c) 2024 STMicroelectronics.
  11:Src/gpio.c    ****   * All rights reserved.
  12:Src/gpio.c    ****   *
  13:Src/gpio.c    ****   * This software is licensed under terms that can be found in the LICENSE file
  14:Src/gpio.c    ****   * in the root directory of this software component.
  15:Src/gpio.c    ****   * If no LICENSE file comes with this software, it is provided AS-IS.
  16:Src/gpio.c    ****   *
  17:Src/gpio.c    ****   ******************************************************************************
  18:Src/gpio.c    ****   */
  19:Src/gpio.c    **** /* USER CODE END Header */
  20:Src/gpio.c    **** 
  21:Src/gpio.c    **** /* Includes ------------------------------------------------------------------*/
  22:Src/gpio.c    **** #include "gpio.h"
  23:Src/gpio.c    **** 
  24:Src/gpio.c    **** /* USER CODE BEGIN 0 */
  25:Src/gpio.c    **** 
  26:Src/gpio.c    **** /* USER CODE END 0 */
  27:Src/gpio.c    **** 
  28:Src/gpio.c    **** /*----------------------------------------------------------------------------*/
  29:Src/gpio.c    **** /* Configure GPIO                                                             */
  30:Src/gpio.c    **** /*----------------------------------------------------------------------------*/
  31:Src/gpio.c    **** /* USER CODE BEGIN 1 */
  32:Src/gpio.c    **** 
ARM GAS  /tmp/ccgS9ZGd.s 			page 2


  33:Src/gpio.c    **** /* USER CODE END 1 */
  34:Src/gpio.c    **** 
  35:Src/gpio.c    **** /** Configure pins as
  36:Src/gpio.c    ****         * Analog
  37:Src/gpio.c    ****         * Input
  38:Src/gpio.c    ****         * Output
  39:Src/gpio.c    ****         * EVENT_OUT
  40:Src/gpio.c    ****         * EXTI
  41:Src/gpio.c    **** */
  42:Src/gpio.c    **** void MX_GPIO_Init(void)
  43:Src/gpio.c    **** {
  27              		.loc 1 43 1 view -0
  28              		.cfi_startproc
  29              		@ args = 0, pretend = 0, frame = 32
  30              		@ frame_needed = 0, uses_anonymous_args = 0
  31 0000 2DE9F047 		push	{r4, r5, r6, r7, r8, r9, r10, lr}
  32              	.LCFI0:
  33              		.cfi_def_cfa_offset 32
  34              		.cfi_offset 4, -32
  35              		.cfi_offset 5, -28
  36              		.cfi_offset 6, -24
  37              		.cfi_offset 7, -20
  38              		.cfi_offset 8, -16
  39              		.cfi_offset 9, -12
  40              		.cfi_offset 10, -8
  41              		.cfi_offset 14, -4
  42 0004 88B0     		sub	sp, sp, #32
  43              	.LCFI1:
  44              		.cfi_def_cfa_offset 64
  44:Src/gpio.c    **** 
  45:Src/gpio.c    ****   GPIO_InitTypeDef GPIO_InitStruct = {0};
  45              		.loc 1 45 3 view .LVU1
  46              		.loc 1 45 20 is_stmt 0 view .LVU2
  47 0006 04AD     		add	r5, sp, #16
  48 0008 0024     		movs	r4, #0
  49 000a 0494     		str	r4, [sp, #16]
  50 000c 0594     		str	r4, [sp, #20]
  51 000e 0694     		str	r4, [sp, #24]
  52 0010 0794     		str	r4, [sp, #28]
  46:Src/gpio.c    **** 
  47:Src/gpio.c    ****   /* GPIO Ports Clock Enable */
  48:Src/gpio.c    ****   __HAL_RCC_GPIOC_CLK_ENABLE();
  53              		.loc 1 48 3 is_stmt 1 view .LVU3
  54              	.LBB2:
  55              		.loc 1 48 3 view .LVU4
  56              		.loc 1 48 3 view .LVU5
  57 0012 354B     		ldr	r3, .L3
  58 0014 9A69     		ldr	r2, [r3, #24]
  59 0016 42F01002 		orr	r2, r2, #16
  60 001a 9A61     		str	r2, [r3, #24]
  61              		.loc 1 48 3 view .LVU6
  62 001c 9A69     		ldr	r2, [r3, #24]
  63 001e 02F01002 		and	r2, r2, #16
  64 0022 0092     		str	r2, [sp]
  65              		.loc 1 48 3 view .LVU7
  66 0024 009A     		ldr	r2, [sp]
  67              	.LBE2:
ARM GAS  /tmp/ccgS9ZGd.s 			page 3


  68              		.loc 1 48 3 view .LVU8
  49:Src/gpio.c    ****   __HAL_RCC_GPIOD_CLK_ENABLE();
  69              		.loc 1 49 3 view .LVU9
  70              	.LBB3:
  71              		.loc 1 49 3 view .LVU10
  72              		.loc 1 49 3 view .LVU11
  73 0026 9A69     		ldr	r2, [r3, #24]
  74 0028 42F02002 		orr	r2, r2, #32
  75 002c 9A61     		str	r2, [r3, #24]
  76              		.loc 1 49 3 view .LVU12
  77 002e 9A69     		ldr	r2, [r3, #24]
  78 0030 02F02002 		and	r2, r2, #32
  79 0034 0192     		str	r2, [sp, #4]
  80              		.loc 1 49 3 view .LVU13
  81 0036 019A     		ldr	r2, [sp, #4]
  82              	.LBE3:
  83              		.loc 1 49 3 view .LVU14
  50:Src/gpio.c    ****   __HAL_RCC_GPIOA_CLK_ENABLE();
  84              		.loc 1 50 3 view .LVU15
  85              	.LBB4:
  86              		.loc 1 50 3 view .LVU16
  87              		.loc 1 50 3 view .LVU17
  88 0038 9A69     		ldr	r2, [r3, #24]
  89 003a 42F00402 		orr	r2, r2, #4
  90 003e 9A61     		str	r2, [r3, #24]
  91              		.loc 1 50 3 view .LVU18
  92 0040 9A69     		ldr	r2, [r3, #24]
  93 0042 02F00402 		and	r2, r2, #4
  94 0046 0292     		str	r2, [sp, #8]
  95              		.loc 1 50 3 view .LVU19
  96 0048 029A     		ldr	r2, [sp, #8]
  97              	.LBE4:
  98              		.loc 1 50 3 view .LVU20
  51:Src/gpio.c    ****   __HAL_RCC_GPIOB_CLK_ENABLE();
  99              		.loc 1 51 3 view .LVU21
 100              	.LBB5:
 101              		.loc 1 51 3 view .LVU22
 102              		.loc 1 51 3 view .LVU23
 103 004a 9A69     		ldr	r2, [r3, #24]
 104 004c 42F00802 		orr	r2, r2, #8
 105 0050 9A61     		str	r2, [r3, #24]
 106              		.loc 1 51 3 view .LVU24
 107 0052 9B69     		ldr	r3, [r3, #24]
 108 0054 03F00803 		and	r3, r3, #8
 109 0058 0393     		str	r3, [sp, #12]
 110              		.loc 1 51 3 view .LVU25
 111 005a 039B     		ldr	r3, [sp, #12]
 112              	.LBE5:
 113              		.loc 1 51 3 view .LVU26
  52:Src/gpio.c    **** 
  53:Src/gpio.c    ****   /*Configure GPIO pin Output Level */
  54:Src/gpio.c    ****   HAL_GPIO_WritePin(GPIOC, GPIO_PIN_13, GPIO_PIN_RESET);
 114              		.loc 1 54 3 view .LVU27
 115 005c DFF88CA0 		ldr	r10, .L3+4
 116 0060 2246     		mov	r2, r4
 117 0062 4FF40051 		mov	r1, #8192
 118 0066 5046     		mov	r0, r10
ARM GAS  /tmp/ccgS9ZGd.s 			page 4


 119 0068 FFF7FEFF 		bl	HAL_GPIO_WritePin
 120              	.LVL0:
  55:Src/gpio.c    **** 
  56:Src/gpio.c    ****   /*Configure GPIO pin Output Level */
  57:Src/gpio.c    ****   HAL_GPIO_WritePin(GPIOA, GPIO_PIN_15, GPIO_PIN_RESET);
 121              		.loc 1 57 3 view .LVU28
 122 006c DFF88090 		ldr	r9, .L3+8
 123 0070 2246     		mov	r2, r4
 124 0072 4FF40041 		mov	r1, #32768
 125 0076 4846     		mov	r0, r9
 126 0078 FFF7FEFF 		bl	HAL_GPIO_WritePin
 127              	.LVL1:
  58:Src/gpio.c    **** 
  59:Src/gpio.c    ****   /*Configure GPIO pin Output Level */
  60:Src/gpio.c    ****   HAL_GPIO_WritePin(GPIOB, GPIO_PIN_3|GPIO_PIN_4, GPIO_PIN_RESET);
 128              		.loc 1 60 3 view .LVU29
 129 007c 1D4E     		ldr	r6, .L3+12
 130 007e 2246     		mov	r2, r4
 131 0080 1821     		movs	r1, #24
 132 0082 3046     		mov	r0, r6
 133 0084 FFF7FEFF 		bl	HAL_GPIO_WritePin
 134              	.LVL2:
  61:Src/gpio.c    **** 
  62:Src/gpio.c    ****   /*Configure GPIO pin : PC13 */
  63:Src/gpio.c    ****   GPIO_InitStruct.Pin = GPIO_PIN_13;
 135              		.loc 1 63 3 view .LVU30
 136              		.loc 1 63 23 is_stmt 0 view .LVU31
 137 0088 4FF40053 		mov	r3, #8192
 138 008c 0493     		str	r3, [sp, #16]
  64:Src/gpio.c    ****   GPIO_InitStruct.Mode = GPIO_MODE_OUTPUT_PP;
 139              		.loc 1 64 3 is_stmt 1 view .LVU32
 140              		.loc 1 64 24 is_stmt 0 view .LVU33
 141 008e 4FF00108 		mov	r8, #1
 142 0092 CDF81480 		str	r8, [sp, #20]
  65:Src/gpio.c    ****   GPIO_InitStruct.Pull = GPIO_NOPULL;
 143              		.loc 1 65 3 is_stmt 1 view .LVU34
 144              		.loc 1 65 24 is_stmt 0 view .LVU35
 145 0096 0694     		str	r4, [sp, #24]
  66:Src/gpio.c    ****   GPIO_InitStruct.Speed = GPIO_SPEED_FREQ_LOW;
 146              		.loc 1 66 3 is_stmt 1 view .LVU36
 147              		.loc 1 66 25 is_stmt 0 view .LVU37
 148 0098 0227     		movs	r7, #2
 149 009a 0797     		str	r7, [sp, #28]
  67:Src/gpio.c    ****   HAL_GPIO_Init(GPIOC, &GPIO_InitStruct);
 150              		.loc 1 67 3 is_stmt 1 view .LVU38
 151 009c 2946     		mov	r1, r5
 152 009e 5046     		mov	r0, r10
 153 00a0 FFF7FEFF 		bl	HAL_GPIO_Init
 154              	.LVL3:
  68:Src/gpio.c    **** 
  69:Src/gpio.c    ****   /*Configure GPIO pin : PA15 */
  70:Src/gpio.c    ****   GPIO_InitStruct.Pin = GPIO_PIN_15;
 155              		.loc 1 70 3 view .LVU39
 156              		.loc 1 70 23 is_stmt 0 view .LVU40
 157 00a4 4FF40043 		mov	r3, #32768
 158 00a8 0493     		str	r3, [sp, #16]
  71:Src/gpio.c    ****   GPIO_InitStruct.Mode = GPIO_MODE_OUTPUT_PP;
ARM GAS  /tmp/ccgS9ZGd.s 			page 5


 159              		.loc 1 71 3 is_stmt 1 view .LVU41
 160              		.loc 1 71 24 is_stmt 0 view .LVU42
 161 00aa CDF81480 		str	r8, [sp, #20]
  72:Src/gpio.c    ****   GPIO_InitStruct.Pull = GPIO_NOPULL;
 162              		.loc 1 72 3 is_stmt 1 view .LVU43
 163              		.loc 1 72 24 is_stmt 0 view .LVU44
 164 00ae 0694     		str	r4, [sp, #24]
  73:Src/gpio.c    ****   GPIO_InitStruct.Speed = GPIO_SPEED_FREQ_LOW;
 165              		.loc 1 73 3 is_stmt 1 view .LVU45
 166              		.loc 1 73 25 is_stmt 0 view .LVU46
 167 00b0 0797     		str	r7, [sp, #28]
  74:Src/gpio.c    ****   HAL_GPIO_Init(GPIOA, &GPIO_InitStruct);
 168              		.loc 1 74 3 is_stmt 1 view .LVU47
 169 00b2 2946     		mov	r1, r5
 170 00b4 4846     		mov	r0, r9
 171 00b6 FFF7FEFF 		bl	HAL_GPIO_Init
 172              	.LVL4:
  75:Src/gpio.c    **** 
  76:Src/gpio.c    ****   /*Configure GPIO pins : PB3 PB4 */
  77:Src/gpio.c    ****   GPIO_InitStruct.Pin = GPIO_PIN_3|GPIO_PIN_4;
 173              		.loc 1 77 3 view .LVU48
 174              		.loc 1 77 23 is_stmt 0 view .LVU49
 175 00ba 1823     		movs	r3, #24
 176 00bc 0493     		str	r3, [sp, #16]
  78:Src/gpio.c    ****   GPIO_InitStruct.Mode = GPIO_MODE_OUTPUT_PP;
 177              		.loc 1 78 3 is_stmt 1 view .LVU50
 178              		.loc 1 78 24 is_stmt 0 view .LVU51
 179 00be CDF81480 		str	r8, [sp, #20]
  79:Src/gpio.c    ****   GPIO_InitStruct.Pull = GPIO_NOPULL;
 180              		.loc 1 79 3 is_stmt 1 view .LVU52
 181              		.loc 1 79 24 is_stmt 0 view .LVU53
 182 00c2 0694     		str	r4, [sp, #24]
  80:Src/gpio.c    ****   GPIO_InitStruct.Speed = GPIO_SPEED_FREQ_LOW;
 183              		.loc 1 80 3 is_stmt 1 view .LVU54
 184              		.loc 1 80 25 is_stmt 0 view .LVU55
 185 00c4 0797     		str	r7, [sp, #28]
  81:Src/gpio.c    ****   HAL_GPIO_Init(GPIOB, &GPIO_InitStruct);
 186              		.loc 1 81 3 is_stmt 1 view .LVU56
 187 00c6 2946     		mov	r1, r5
 188 00c8 3046     		mov	r0, r6
 189 00ca FFF7FEFF 		bl	HAL_GPIO_Init
 190              	.LVL5:
  82:Src/gpio.c    **** 
  83:Src/gpio.c    ****   /*Configure GPIO pins : PB8 PB9 */
  84:Src/gpio.c    ****   GPIO_InitStruct.Pin = GPIO_PIN_8|GPIO_PIN_9;
 191              		.loc 1 84 3 view .LVU57
 192              		.loc 1 84 23 is_stmt 0 view .LVU58
 193 00ce 4FF44073 		mov	r3, #768
 194 00d2 0493     		str	r3, [sp, #16]
  85:Src/gpio.c    ****   GPIO_InitStruct.Mode = GPIO_MODE_INPUT;
 195              		.loc 1 85 3 is_stmt 1 view .LVU59
 196              		.loc 1 85 24 is_stmt 0 view .LVU60
 197 00d4 0594     		str	r4, [sp, #20]
  86:Src/gpio.c    ****   GPIO_InitStruct.Pull = GPIO_NOPULL;
 198              		.loc 1 86 3 is_stmt 1 view .LVU61
 199              		.loc 1 86 24 is_stmt 0 view .LVU62
 200 00d6 0694     		str	r4, [sp, #24]
ARM GAS  /tmp/ccgS9ZGd.s 			page 6


  87:Src/gpio.c    ****   HAL_GPIO_Init(GPIOB, &GPIO_InitStruct);
 201              		.loc 1 87 3 is_stmt 1 view .LVU63
 202 00d8 2946     		mov	r1, r5
 203 00da 3046     		mov	r0, r6
 204 00dc FFF7FEFF 		bl	HAL_GPIO_Init
 205              	.LVL6:
  88:Src/gpio.c    **** 
  89:Src/gpio.c    **** }
 206              		.loc 1 89 1 is_stmt 0 view .LVU64
 207 00e0 08B0     		add	sp, sp, #32
 208              	.LCFI2:
 209              		.cfi_def_cfa_offset 32
 210              		@ sp needed
 211 00e2 BDE8F087 		pop	{r4, r5, r6, r7, r8, r9, r10, pc}
 212              	.L4:
 213 00e6 00BF     		.align	2
 214              	.L3:
 215 00e8 00100240 		.word	1073876992
 216 00ec 00100140 		.word	1073811456
 217 00f0 00080140 		.word	1073809408
 218 00f4 000C0140 		.word	1073810432
 219              		.cfi_endproc
 220              	.LFE65:
 222              		.text
 223              	.Letext0:
 224              		.file 2 "/usr/arm-none-eabi/include/machine/_default_types.h"
 225              		.file 3 "/usr/arm-none-eabi/include/sys/_stdint.h"
 226              		.file 4 "Drivers/CMSIS/Device/ST/STM32F1xx/Include/stm32f103xb.h"
 227              		.file 5 "Drivers/STM32F1xx_HAL_Driver/Inc/stm32f1xx_hal_gpio.h"
ARM GAS  /tmp/ccgS9ZGd.s 			page 7


DEFINED SYMBOLS
                            *ABS*:00000000 gpio.c
     /tmp/ccgS9ZGd.s:19     .text.MX_GPIO_Init:00000000 $t
     /tmp/ccgS9ZGd.s:25     .text.MX_GPIO_Init:00000000 MX_GPIO_Init
     /tmp/ccgS9ZGd.s:215    .text.MX_GPIO_Init:000000e8 $d

UNDEFINED SYMBOLS
HAL_GPIO_WritePin
HAL_GPIO_Init
