ARM GAS  /tmp/ccsih2Qw.s 			page 1


   1              		.cpu cortex-m3
   2              		.arch armv7-m
   3              		.fpu softvfp
   4              		.eabi_attribute 20, 1
   5              		.eabi_attribute 21, 1
   6              		.eabi_attribute 23, 3
   7              		.eabi_attribute 24, 1
   8              		.eabi_attribute 25, 1
   9              		.eabi_attribute 26, 1
  10              		.eabi_attribute 30, 1
  11              		.eabi_attribute 34, 1
  12              		.eabi_attribute 18, 4
  13              		.file	"usart.c"
  14              		.text
  15              	.Ltext0:
  16              		.cfi_sections	.debug_frame
  17              		.file 1 "Src/usart.c"
  18              		.section	.text.MX_USART1_UART_Init,"ax",%progbits
  19              		.align	1
  20              		.global	MX_USART1_UART_Init
  21              		.syntax unified
  22              		.thumb
  23              		.thumb_func
  25              	MX_USART1_UART_Init:
  26              	.LFB65:
   1:Src/usart.c   **** /* USER CODE BEGIN Header */
   2:Src/usart.c   **** /**
   3:Src/usart.c   ****   ******************************************************************************
   4:Src/usart.c   ****   * @file    usart.c
   5:Src/usart.c   ****   * @brief   This file provides code for the configuration
   6:Src/usart.c   ****   *          of the USART instances.
   7:Src/usart.c   ****   ******************************************************************************
   8:Src/usart.c   ****   * @attention
   9:Src/usart.c   ****   *
  10:Src/usart.c   ****   * Copyright (c) 2024 STMicroelectronics.
  11:Src/usart.c   ****   * All rights reserved.
  12:Src/usart.c   ****   *
  13:Src/usart.c   ****   * This software is licensed under terms that can be found in the LICENSE file
  14:Src/usart.c   ****   * in the root directory of this software component.
  15:Src/usart.c   ****   * If no LICENSE file comes with this software, it is provided AS-IS.
  16:Src/usart.c   ****   *
  17:Src/usart.c   ****   ******************************************************************************
  18:Src/usart.c   ****   */
  19:Src/usart.c   **** /* USER CODE END Header */
  20:Src/usart.c   **** /* Includes ------------------------------------------------------------------*/
  21:Src/usart.c   **** #include "usart.h"
  22:Src/usart.c   **** 
  23:Src/usart.c   **** /* USER CODE BEGIN 0 */
  24:Src/usart.c   **** 
  25:Src/usart.c   **** /* USER CODE END 0 */
  26:Src/usart.c   **** 
  27:Src/usart.c   **** UART_HandleTypeDef huart1;
  28:Src/usart.c   **** 
  29:Src/usart.c   **** /* USART1 init function */
  30:Src/usart.c   **** 
  31:Src/usart.c   **** void MX_USART1_UART_Init(void)
  32:Src/usart.c   **** {
ARM GAS  /tmp/ccsih2Qw.s 			page 2


  27              		.loc 1 32 1 view -0
  28              		.cfi_startproc
  29              		@ args = 0, pretend = 0, frame = 0
  30              		@ frame_needed = 0, uses_anonymous_args = 0
  31 0000 08B5     		push	{r3, lr}
  32              	.LCFI0:
  33              		.cfi_def_cfa_offset 8
  34              		.cfi_offset 3, -8
  35              		.cfi_offset 14, -4
  33:Src/usart.c   **** 
  34:Src/usart.c   ****   /* USER CODE BEGIN USART1_Init 0 */
  35:Src/usart.c   **** 
  36:Src/usart.c   ****   /* USER CODE END USART1_Init 0 */
  37:Src/usart.c   **** 
  38:Src/usart.c   ****   /* USER CODE BEGIN USART1_Init 1 */
  39:Src/usart.c   **** 
  40:Src/usart.c   ****   /* USER CODE END USART1_Init 1 */
  41:Src/usart.c   ****   huart1.Instance = USART1;
  36              		.loc 1 41 3 view .LVU1
  37              		.loc 1 41 19 is_stmt 0 view .LVU2
  38 0002 0A48     		ldr	r0, .L5
  39 0004 0A4B     		ldr	r3, .L5+4
  40 0006 0360     		str	r3, [r0]
  42:Src/usart.c   ****   huart1.Init.BaudRate = 9600;
  41              		.loc 1 42 3 is_stmt 1 view .LVU3
  42              		.loc 1 42 24 is_stmt 0 view .LVU4
  43 0008 4FF41653 		mov	r3, #9600
  44 000c 4360     		str	r3, [r0, #4]
  43:Src/usart.c   ****   huart1.Init.WordLength = UART_WORDLENGTH_8B;
  45              		.loc 1 43 3 is_stmt 1 view .LVU5
  46              		.loc 1 43 26 is_stmt 0 view .LVU6
  47 000e 0023     		movs	r3, #0
  48 0010 8360     		str	r3, [r0, #8]
  44:Src/usart.c   ****   huart1.Init.StopBits = UART_STOPBITS_1;
  49              		.loc 1 44 3 is_stmt 1 view .LVU7
  50              		.loc 1 44 24 is_stmt 0 view .LVU8
  51 0012 C360     		str	r3, [r0, #12]
  45:Src/usart.c   ****   huart1.Init.Parity = UART_PARITY_NONE;
  52              		.loc 1 45 3 is_stmt 1 view .LVU9
  53              		.loc 1 45 22 is_stmt 0 view .LVU10
  54 0014 0361     		str	r3, [r0, #16]
  46:Src/usart.c   ****   huart1.Init.Mode = UART_MODE_TX_RX;
  55              		.loc 1 46 3 is_stmt 1 view .LVU11
  56              		.loc 1 46 20 is_stmt 0 view .LVU12
  57 0016 0C22     		movs	r2, #12
  58 0018 4261     		str	r2, [r0, #20]
  47:Src/usart.c   ****   huart1.Init.HwFlowCtl = UART_HWCONTROL_NONE;
  59              		.loc 1 47 3 is_stmt 1 view .LVU13
  60              		.loc 1 47 25 is_stmt 0 view .LVU14
  61 001a 8361     		str	r3, [r0, #24]
  48:Src/usart.c   ****   huart1.Init.OverSampling = UART_OVERSAMPLING_16;
  62              		.loc 1 48 3 is_stmt 1 view .LVU15
  63              		.loc 1 48 28 is_stmt 0 view .LVU16
  64 001c C361     		str	r3, [r0, #28]
  49:Src/usart.c   ****   if (HAL_UART_Init(&huart1) != HAL_OK)
  65              		.loc 1 49 3 is_stmt 1 view .LVU17
  66              		.loc 1 49 7 is_stmt 0 view .LVU18
ARM GAS  /tmp/ccsih2Qw.s 			page 3


  67 001e FFF7FEFF 		bl	HAL_UART_Init
  68              	.LVL0:
  69              		.loc 1 49 6 discriminator 1 view .LVU19
  70 0022 00B9     		cbnz	r0, .L4
  71              	.L1:
  50:Src/usart.c   ****   {
  51:Src/usart.c   ****     Error_Handler();
  52:Src/usart.c   ****   }
  53:Src/usart.c   ****   /* USER CODE BEGIN USART1_Init 2 */
  54:Src/usart.c   **** 
  55:Src/usart.c   ****   /* USER CODE END USART1_Init 2 */
  56:Src/usart.c   **** 
  57:Src/usart.c   **** }
  72              		.loc 1 57 1 view .LVU20
  73 0024 08BD     		pop	{r3, pc}
  74              	.L4:
  51:Src/usart.c   ****   }
  75              		.loc 1 51 5 is_stmt 1 view .LVU21
  76 0026 FFF7FEFF 		bl	Error_Handler
  77              	.LVL1:
  78              		.loc 1 57 1 is_stmt 0 view .LVU22
  79 002a FBE7     		b	.L1
  80              	.L6:
  81              		.align	2
  82              	.L5:
  83 002c 00000000 		.word	huart1
  84 0030 00380140 		.word	1073821696
  85              		.cfi_endproc
  86              	.LFE65:
  88              		.section	.text.HAL_UART_MspInit,"ax",%progbits
  89              		.align	1
  90              		.global	HAL_UART_MspInit
  91              		.syntax unified
  92              		.thumb
  93              		.thumb_func
  95              	HAL_UART_MspInit:
  96              	.LVL2:
  97              	.LFB66:
  58:Src/usart.c   **** 
  59:Src/usart.c   **** void HAL_UART_MspInit(UART_HandleTypeDef* uartHandle)
  60:Src/usart.c   **** {
  98              		.loc 1 60 1 is_stmt 1 view -0
  99              		.cfi_startproc
 100              		@ args = 0, pretend = 0, frame = 24
 101              		@ frame_needed = 0, uses_anonymous_args = 0
 102              		.loc 1 60 1 is_stmt 0 view .LVU24
 103 0000 30B5     		push	{r4, r5, lr}
 104              	.LCFI1:
 105              		.cfi_def_cfa_offset 12
 106              		.cfi_offset 4, -12
 107              		.cfi_offset 5, -8
 108              		.cfi_offset 14, -4
 109 0002 87B0     		sub	sp, sp, #28
 110              	.LCFI2:
 111              		.cfi_def_cfa_offset 40
  61:Src/usart.c   **** 
  62:Src/usart.c   ****   GPIO_InitTypeDef GPIO_InitStruct = {0};
ARM GAS  /tmp/ccsih2Qw.s 			page 4


 112              		.loc 1 62 3 is_stmt 1 view .LVU25
 113              		.loc 1 62 20 is_stmt 0 view .LVU26
 114 0004 0023     		movs	r3, #0
 115 0006 0293     		str	r3, [sp, #8]
 116 0008 0393     		str	r3, [sp, #12]
 117 000a 0493     		str	r3, [sp, #16]
 118 000c 0593     		str	r3, [sp, #20]
  63:Src/usart.c   ****   if(uartHandle->Instance==USART1)
 119              		.loc 1 63 3 is_stmt 1 view .LVU27
 120              		.loc 1 63 16 is_stmt 0 view .LVU28
 121 000e 0268     		ldr	r2, [r0]
 122              		.loc 1 63 5 view .LVU29
 123 0010 184B     		ldr	r3, .L11
 124 0012 9A42     		cmp	r2, r3
 125 0014 01D0     		beq	.L10
 126              	.LVL3:
 127              	.L7:
  64:Src/usart.c   ****   {
  65:Src/usart.c   ****   /* USER CODE BEGIN USART1_MspInit 0 */
  66:Src/usart.c   **** 
  67:Src/usart.c   ****   /* USER CODE END USART1_MspInit 0 */
  68:Src/usart.c   ****     /* USART1 clock enable */
  69:Src/usart.c   ****     __HAL_RCC_USART1_CLK_ENABLE();
  70:Src/usart.c   **** 
  71:Src/usart.c   ****     __HAL_RCC_GPIOA_CLK_ENABLE();
  72:Src/usart.c   ****     /**USART1 GPIO Configuration
  73:Src/usart.c   ****     PA9     ------> USART1_TX
  74:Src/usart.c   ****     PA10     ------> USART1_RX
  75:Src/usart.c   ****     */
  76:Src/usart.c   ****     GPIO_InitStruct.Pin = GPIO_PIN_9;
  77:Src/usart.c   ****     GPIO_InitStruct.Mode = GPIO_MODE_AF_PP;
  78:Src/usart.c   ****     GPIO_InitStruct.Speed = GPIO_SPEED_FREQ_HIGH;
  79:Src/usart.c   ****     HAL_GPIO_Init(GPIOA, &GPIO_InitStruct);
  80:Src/usart.c   **** 
  81:Src/usart.c   ****     GPIO_InitStruct.Pin = GPIO_PIN_10;
  82:Src/usart.c   ****     GPIO_InitStruct.Mode = GPIO_MODE_INPUT;
  83:Src/usart.c   ****     GPIO_InitStruct.Pull = GPIO_NOPULL;
  84:Src/usart.c   ****     HAL_GPIO_Init(GPIOA, &GPIO_InitStruct);
  85:Src/usart.c   **** 
  86:Src/usart.c   ****   /* USER CODE BEGIN USART1_MspInit 1 */
  87:Src/usart.c   **** 
  88:Src/usart.c   ****   /* USER CODE END USART1_MspInit 1 */
  89:Src/usart.c   ****   }
  90:Src/usart.c   **** }
 128              		.loc 1 90 1 view .LVU30
 129 0016 07B0     		add	sp, sp, #28
 130              	.LCFI3:
 131              		.cfi_remember_state
 132              		.cfi_def_cfa_offset 12
 133              		@ sp needed
 134 0018 30BD     		pop	{r4, r5, pc}
 135              	.LVL4:
 136              	.L10:
 137              	.LCFI4:
 138              		.cfi_restore_state
  69:Src/usart.c   **** 
 139              		.loc 1 69 5 is_stmt 1 view .LVU31
ARM GAS  /tmp/ccsih2Qw.s 			page 5


 140              	.LBB2:
  69:Src/usart.c   **** 
 141              		.loc 1 69 5 view .LVU32
  69:Src/usart.c   **** 
 142              		.loc 1 69 5 view .LVU33
 143 001a 03F55843 		add	r3, r3, #55296
 144 001e 9A69     		ldr	r2, [r3, #24]
 145 0020 42F48042 		orr	r2, r2, #16384
 146 0024 9A61     		str	r2, [r3, #24]
  69:Src/usart.c   **** 
 147              		.loc 1 69 5 view .LVU34
 148 0026 9A69     		ldr	r2, [r3, #24]
 149 0028 02F48042 		and	r2, r2, #16384
 150 002c 0092     		str	r2, [sp]
  69:Src/usart.c   **** 
 151              		.loc 1 69 5 view .LVU35
 152 002e 009A     		ldr	r2, [sp]
 153              	.LBE2:
  69:Src/usart.c   **** 
 154              		.loc 1 69 5 view .LVU36
  71:Src/usart.c   ****     /**USART1 GPIO Configuration
 155              		.loc 1 71 5 view .LVU37
 156              	.LBB3:
  71:Src/usart.c   ****     /**USART1 GPIO Configuration
 157              		.loc 1 71 5 view .LVU38
  71:Src/usart.c   ****     /**USART1 GPIO Configuration
 158              		.loc 1 71 5 view .LVU39
 159 0030 9A69     		ldr	r2, [r3, #24]
 160 0032 42F00402 		orr	r2, r2, #4
 161 0036 9A61     		str	r2, [r3, #24]
  71:Src/usart.c   ****     /**USART1 GPIO Configuration
 162              		.loc 1 71 5 view .LVU40
 163 0038 9B69     		ldr	r3, [r3, #24]
 164 003a 03F00403 		and	r3, r3, #4
 165 003e 0193     		str	r3, [sp, #4]
  71:Src/usart.c   ****     /**USART1 GPIO Configuration
 166              		.loc 1 71 5 view .LVU41
 167 0040 019B     		ldr	r3, [sp, #4]
 168              	.LBE3:
  71:Src/usart.c   ****     /**USART1 GPIO Configuration
 169              		.loc 1 71 5 view .LVU42
  76:Src/usart.c   ****     GPIO_InitStruct.Mode = GPIO_MODE_AF_PP;
 170              		.loc 1 76 5 view .LVU43
  76:Src/usart.c   ****     GPIO_InitStruct.Mode = GPIO_MODE_AF_PP;
 171              		.loc 1 76 25 is_stmt 0 view .LVU44
 172 0042 4FF40073 		mov	r3, #512
 173 0046 0293     		str	r3, [sp, #8]
  77:Src/usart.c   ****     GPIO_InitStruct.Speed = GPIO_SPEED_FREQ_HIGH;
 174              		.loc 1 77 5 is_stmt 1 view .LVU45
  77:Src/usart.c   ****     GPIO_InitStruct.Speed = GPIO_SPEED_FREQ_HIGH;
 175              		.loc 1 77 26 is_stmt 0 view .LVU46
 176 0048 0223     		movs	r3, #2
 177 004a 0393     		str	r3, [sp, #12]
  78:Src/usart.c   ****     HAL_GPIO_Init(GPIOA, &GPIO_InitStruct);
 178              		.loc 1 78 5 is_stmt 1 view .LVU47
  78:Src/usart.c   ****     HAL_GPIO_Init(GPIOA, &GPIO_InitStruct);
 179              		.loc 1 78 27 is_stmt 0 view .LVU48
ARM GAS  /tmp/ccsih2Qw.s 			page 6


 180 004c 0323     		movs	r3, #3
 181 004e 0593     		str	r3, [sp, #20]
  79:Src/usart.c   **** 
 182              		.loc 1 79 5 is_stmt 1 view .LVU49
 183 0050 02AD     		add	r5, sp, #8
 184 0052 094C     		ldr	r4, .L11+4
 185 0054 2946     		mov	r1, r5
 186 0056 2046     		mov	r0, r4
 187              	.LVL5:
  79:Src/usart.c   **** 
 188              		.loc 1 79 5 is_stmt 0 view .LVU50
 189 0058 FFF7FEFF 		bl	HAL_GPIO_Init
 190              	.LVL6:
  81:Src/usart.c   ****     GPIO_InitStruct.Mode = GPIO_MODE_INPUT;
 191              		.loc 1 81 5 is_stmt 1 view .LVU51
  81:Src/usart.c   ****     GPIO_InitStruct.Mode = GPIO_MODE_INPUT;
 192              		.loc 1 81 25 is_stmt 0 view .LVU52
 193 005c 4FF48063 		mov	r3, #1024
 194 0060 0293     		str	r3, [sp, #8]
  82:Src/usart.c   ****     GPIO_InitStruct.Pull = GPIO_NOPULL;
 195              		.loc 1 82 5 is_stmt 1 view .LVU53
  82:Src/usart.c   ****     GPIO_InitStruct.Pull = GPIO_NOPULL;
 196              		.loc 1 82 26 is_stmt 0 view .LVU54
 197 0062 0023     		movs	r3, #0
 198 0064 0393     		str	r3, [sp, #12]
  83:Src/usart.c   ****     HAL_GPIO_Init(GPIOA, &GPIO_InitStruct);
 199              		.loc 1 83 5 is_stmt 1 view .LVU55
  83:Src/usart.c   ****     HAL_GPIO_Init(GPIOA, &GPIO_InitStruct);
 200              		.loc 1 83 26 is_stmt 0 view .LVU56
 201 0066 0493     		str	r3, [sp, #16]
  84:Src/usart.c   **** 
 202              		.loc 1 84 5 is_stmt 1 view .LVU57
 203 0068 2946     		mov	r1, r5
 204 006a 2046     		mov	r0, r4
 205 006c FFF7FEFF 		bl	HAL_GPIO_Init
 206              	.LVL7:
 207              		.loc 1 90 1 is_stmt 0 view .LVU58
 208 0070 D1E7     		b	.L7
 209              	.L12:
 210 0072 00BF     		.align	2
 211              	.L11:
 212 0074 00380140 		.word	1073821696
 213 0078 00080140 		.word	1073809408
 214              		.cfi_endproc
 215              	.LFE66:
 217              		.section	.text.HAL_UART_MspDeInit,"ax",%progbits
 218              		.align	1
 219              		.global	HAL_UART_MspDeInit
 220              		.syntax unified
 221              		.thumb
 222              		.thumb_func
 224              	HAL_UART_MspDeInit:
 225              	.LVL8:
 226              	.LFB67:
  91:Src/usart.c   **** 
  92:Src/usart.c   **** void HAL_UART_MspDeInit(UART_HandleTypeDef* uartHandle)
  93:Src/usart.c   **** {
ARM GAS  /tmp/ccsih2Qw.s 			page 7


 227              		.loc 1 93 1 is_stmt 1 view -0
 228              		.cfi_startproc
 229              		@ args = 0, pretend = 0, frame = 0
 230              		@ frame_needed = 0, uses_anonymous_args = 0
 231              		.loc 1 93 1 is_stmt 0 view .LVU60
 232 0000 08B5     		push	{r3, lr}
 233              	.LCFI5:
 234              		.cfi_def_cfa_offset 8
 235              		.cfi_offset 3, -8
 236              		.cfi_offset 14, -4
  94:Src/usart.c   **** 
  95:Src/usart.c   ****   if(uartHandle->Instance==USART1)
 237              		.loc 1 95 3 is_stmt 1 view .LVU61
 238              		.loc 1 95 16 is_stmt 0 view .LVU62
 239 0002 0268     		ldr	r2, [r0]
 240              		.loc 1 95 5 view .LVU63
 241 0004 074B     		ldr	r3, .L17
 242 0006 9A42     		cmp	r2, r3
 243 0008 00D0     		beq	.L16
 244              	.LVL9:
 245              	.L13:
  96:Src/usart.c   ****   {
  97:Src/usart.c   ****   /* USER CODE BEGIN USART1_MspDeInit 0 */
  98:Src/usart.c   **** 
  99:Src/usart.c   ****   /* USER CODE END USART1_MspDeInit 0 */
 100:Src/usart.c   ****     /* Peripheral clock disable */
 101:Src/usart.c   ****     __HAL_RCC_USART1_CLK_DISABLE();
 102:Src/usart.c   **** 
 103:Src/usart.c   ****     /**USART1 GPIO Configuration
 104:Src/usart.c   ****     PA9     ------> USART1_TX
 105:Src/usart.c   ****     PA10     ------> USART1_RX
 106:Src/usart.c   ****     */
 107:Src/usart.c   ****     HAL_GPIO_DeInit(GPIOA, GPIO_PIN_9|GPIO_PIN_10);
 108:Src/usart.c   **** 
 109:Src/usart.c   ****   /* USER CODE BEGIN USART1_MspDeInit 1 */
 110:Src/usart.c   **** 
 111:Src/usart.c   ****   /* USER CODE END USART1_MspDeInit 1 */
 112:Src/usart.c   ****   }
 113:Src/usart.c   **** }
 246              		.loc 1 113 1 view .LVU64
 247 000a 08BD     		pop	{r3, pc}
 248              	.LVL10:
 249              	.L16:
 101:Src/usart.c   **** 
 250              		.loc 1 101 5 is_stmt 1 view .LVU65
 251 000c 064A     		ldr	r2, .L17+4
 252 000e 9369     		ldr	r3, [r2, #24]
 253 0010 23F48043 		bic	r3, r3, #16384
 254 0014 9361     		str	r3, [r2, #24]
 107:Src/usart.c   **** 
 255              		.loc 1 107 5 view .LVU66
 256 0016 4FF4C061 		mov	r1, #1536
 257 001a 0448     		ldr	r0, .L17+8
 258              	.LVL11:
 107:Src/usart.c   **** 
 259              		.loc 1 107 5 is_stmt 0 view .LVU67
 260 001c FFF7FEFF 		bl	HAL_GPIO_DeInit
ARM GAS  /tmp/ccsih2Qw.s 			page 8


 261              	.LVL12:
 262              		.loc 1 113 1 view .LVU68
 263 0020 F3E7     		b	.L13
 264              	.L18:
 265 0022 00BF     		.align	2
 266              	.L17:
 267 0024 00380140 		.word	1073821696
 268 0028 00100240 		.word	1073876992
 269 002c 00080140 		.word	1073809408
 270              		.cfi_endproc
 271              	.LFE67:
 273              		.global	huart1
 274              		.section	.bss.huart1,"aw",%nobits
 275              		.align	2
 278              	huart1:
 279 0000 00000000 		.space	72
 279      00000000 
 279      00000000 
 279      00000000 
 279      00000000 
 280              		.text
 281              	.Letext0:
 282              		.file 2 "/usr/arm-none-eabi/include/machine/_default_types.h"
 283              		.file 3 "/usr/arm-none-eabi/include/sys/_stdint.h"
 284              		.file 4 "Drivers/CMSIS/Device/ST/STM32F1xx/Include/stm32f103xb.h"
 285              		.file 5 "Drivers/STM32F1xx_HAL_Driver/Inc/stm32f1xx_hal_def.h"
 286              		.file 6 "Drivers/STM32F1xx_HAL_Driver/Inc/stm32f1xx_hal_gpio.h"
 287              		.file 7 "Drivers/STM32F1xx_HAL_Driver/Inc/stm32f1xx_hal_dma.h"
 288              		.file 8 "Drivers/STM32F1xx_HAL_Driver/Inc/stm32f1xx_hal_uart.h"
 289              		.file 9 "Inc/usart.h"
 290              		.file 10 "Inc/main.h"
ARM GAS  /tmp/ccsih2Qw.s 			page 9


DEFINED SYMBOLS
                            *ABS*:00000000 usart.c
     /tmp/ccsih2Qw.s:19     .text.MX_USART1_UART_Init:00000000 $t
     /tmp/ccsih2Qw.s:25     .text.MX_USART1_UART_Init:00000000 MX_USART1_UART_Init
     /tmp/ccsih2Qw.s:83     .text.MX_USART1_UART_Init:0000002c $d
     /tmp/ccsih2Qw.s:278    .bss.huart1:00000000 huart1
     /tmp/ccsih2Qw.s:89     .text.HAL_UART_MspInit:00000000 $t
     /tmp/ccsih2Qw.s:95     .text.HAL_UART_MspInit:00000000 HAL_UART_MspInit
     /tmp/ccsih2Qw.s:212    .text.HAL_UART_MspInit:00000074 $d
     /tmp/ccsih2Qw.s:218    .text.HAL_UART_MspDeInit:00000000 $t
     /tmp/ccsih2Qw.s:224    .text.HAL_UART_MspDeInit:00000000 HAL_UART_MspDeInit
     /tmp/ccsih2Qw.s:267    .text.HAL_UART_MspDeInit:00000024 $d
     /tmp/ccsih2Qw.s:275    .bss.huart1:00000000 $d

UNDEFINED SYMBOLS
HAL_UART_Init
Error_Handler
HAL_GPIO_Init
HAL_GPIO_DeInit
